<?xml version="1.0" encoding="UTF-8"?>
<testng-results skipped="0" failed="3" ignored="0" total="3" passed="0">
  <reporter-output>
    <line>
      <![CDATA[Accept all cookies[[ChromeDriver: chrome on windows (b12408571e61d64dc7b90fdefee83973)] -> xpath: //button[normalize-space()='Accept additional cookies']]]]>
    </line>
    <line>
      <![CDATA[Click on Start button[[ChromeDriver: chrome on windows (b12408571e61d64dc7b90fdefee83973)] -> xpath: //body/div[@id='wrapper']/div[1]/main[1]/div[2]/div[1]/article[1]/section[1]/a[1]]]]>
    </line>
    <line>
      <![CDATA[Accept all cookies[[ChromeDriver: chrome on windows (b09b5de1b5c671d91596f29a14acb53f)] -> xpath: //button[normalize-space()='Accept additional cookies']]]]>
    </line>
    <line>
      <![CDATA[Click on Start button[[ChromeDriver: chrome on windows (b09b5de1b5c671d91596f29a14acb53f)] -> xpath: //body/div[@id='wrapper']/div[1]/main[1]/div[2]/div[1]/article[1]/section[1]/a[1]]]]>
    </line>
    <line>
      <![CDATA[Accept all cookies[[ChromeDriver: chrome on windows (33c3bf1f705d66a6548cc88640cfaa82)] -> xpath: //button[normalize-space()='Accept additional cookies']]]]>
    </line>
    <line>
      <![CDATA[Click on Start button[[ChromeDriver: chrome on windows (33c3bf1f705d66a6548cc88640cfaa82)] -> xpath: //body/div[@id='wrapper']/div[1]/main[1]/div[2]/div[1]/article[1]/section[1]/a[1]]]]>
    </line>
  </reporter-output>
  <suite name="Command line suite" duration-ms="10685" started-at="2023-07-19T18:44:09 BST" finished-at="2023-07-19T18:44:20 BST">
    <groups>
      <group name="Sanity">
        <method signature="VisaConfirmationTest.aColumbianNationalComingToTheUKToJoinAPartnerForALongStayTheyDoHaveAnArticle10Or20Card()[pri:0, instance:gov.uk.check.visa.testsuite.VisaConfirmationTest@27808f31]" name="aColumbianNationalComingToTheUKToJoinAPartnerForALongStayTheyDoHaveAnArticle10Or20Card" class="gov.uk.check.visa.testsuite.VisaConfirmationTest"/>
        <method signature="VisaConfirmationTest.anAustralianComingToUKForTourism()[pri:0, instance:gov.uk.check.visa.testsuite.VisaConfirmationTest@27808f31]" name="anAustralianComingToUKForTourism" class="gov.uk.check.visa.testsuite.VisaConfirmationTest"/>
      </group> <!-- Sanity -->
      <group name="Regression">
        <method signature="VisaConfirmationTest.aChileanComingToTheUKForWorkAndPlansOnStayingForLongerThanSixMonths()[pri:0, instance:gov.uk.check.visa.testsuite.VisaConfirmationTest@27808f31]" name="aChileanComingToTheUKForWorkAndPlansOnStayingForLongerThanSixMonths" class="gov.uk.check.visa.testsuite.VisaConfirmationTest"/>
        <method signature="VisaConfirmationTest.aColumbianNationalComingToTheUKToJoinAPartnerForALongStayTheyDoHaveAnArticle10Or20Card()[pri:0, instance:gov.uk.check.visa.testsuite.VisaConfirmationTest@27808f31]" name="aColumbianNationalComingToTheUKToJoinAPartnerForALongStayTheyDoHaveAnArticle10Or20Card" class="gov.uk.check.visa.testsuite.VisaConfirmationTest"/>
        <method signature="VisaConfirmationTest.anAustralianComingToUKForTourism()[pri:0, instance:gov.uk.check.visa.testsuite.VisaConfirmationTest@27808f31]" name="anAustralianComingToUKForTourism" class="gov.uk.check.visa.testsuite.VisaConfirmationTest"/>
      </group> <!-- Regression -->
      <group name="Smoke">
        <method signature="VisaConfirmationTest.anAustralianComingToUKForTourism()[pri:0, instance:gov.uk.check.visa.testsuite.VisaConfirmationTest@27808f31]" name="anAustralianComingToUKForTourism" class="gov.uk.check.visa.testsuite.VisaConfirmationTest"/>
      </group> <!-- Smoke -->
    </groups>
    <test name="Command line test" duration-ms="10685" started-at="2023-07-19T18:44:09 BST" finished-at="2023-07-19T18:44:20 BST">
      <class name="gov.uk.check.visa.testsuite.VisaConfirmationTest">
        <test-method status="PASS" signature="setUp()[pri:0, instance:gov.uk.check.visa.testsuite.VisaConfirmationTest@27808f31]" name="setUp" is-config="true" duration-ms="3624" started-at="2023-07-19T18:44:09 BST" finished-at="2023-07-19T18:44:13 BST">
          <reporter-output>
          </reporter-output>
        </test-method> <!-- setUp -->
        <test-method status="PASS" signature="init()[pri:0, instance:gov.uk.check.visa.testsuite.VisaConfirmationTest@27808f31]" name="init" is-config="true" duration-ms="28" started-at="2023-07-19T18:44:13 BST" finished-at="2023-07-19T18:44:13 BST">
          <reporter-output>
          </reporter-output>
        </test-method> <!-- init -->
        <test-method status="FAIL" signature="aChileanComingToTheUKForWorkAndPlansOnStayingForLongerThanSixMonths()[pri:0, instance:gov.uk.check.visa.testsuite.VisaConfirmationTest@27808f31]" name="aChileanComingToTheUKForWorkAndPlansOnStayingForLongerThanSixMonths" duration-ms="332" started-at="2023-07-19T18:44:13 BST" finished-at="2023-07-19T18:44:13 BST">
          <exception class="java.lang.NullPointerException">
            <full-stacktrace>
              <![CDATA[java.lang.NullPointerException
at gov.uk.check.visa.pages.StartPage.clickOnStartButton(StartPage.java:31)
at gov.uk.check.visa.testsuite.VisaConfirmationTest.aChileanComingToTheUKForWorkAndPlansOnStayingForLongerThanSixMonths(VisaConfirmationTest.java:55)
at sun.reflect.NativeMethodAccessorImpl.invoke0(Native Method)
at sun.reflect.NativeMethodAccessorImpl.invoke(NativeMethodAccessorImpl.java:62)
at sun.reflect.DelegatingMethodAccessorImpl.invoke(DelegatingMethodAccessorImpl.java:43)
at java.lang.reflect.Method.invoke(Method.java:498)
at org.testng.internal.invokers.MethodInvocationHelper.invokeMethod(MethodInvocationHelper.java:135)
at org.testng.internal.invokers.TestInvoker.invokeMethod(TestInvoker.java:673)
at org.testng.internal.invokers.TestInvoker.invokeTestMethod(TestInvoker.java:220)
at org.testng.internal.invokers.MethodRunner.runInSequence(MethodRunner.java:50)
at org.testng.internal.invokers.TestInvoker$MethodInvocationAgent.invoke(TestInvoker.java:945)
at org.testng.internal.invokers.TestInvoker.invokeTestMethods(TestInvoker.java:193)
at org.testng.internal.invokers.TestMethodWorker.invokeTestMethods(TestMethodWorker.java:146)
at org.testng.internal.invokers.TestMethodWorker.run(TestMethodWorker.java:128)
at java.util.ArrayList.forEach(ArrayList.java:1249)
at org.testng.TestRunner.privateRun(TestRunner.java:808)
at org.testng.TestRunner.run(TestRunner.java:603)
at org.testng.SuiteRunner.runTest(SuiteRunner.java:429)
at org.testng.SuiteRunner.runSequentially(SuiteRunner.java:423)
at org.testng.SuiteRunner.privateRun(SuiteRunner.java:383)
at org.testng.SuiteRunner.run(SuiteRunner.java:326)
at org.testng.SuiteRunnerWorker.runSuite(SuiteRunnerWorker.java:52)
at org.testng.SuiteRunnerWorker.run(SuiteRunnerWorker.java:95)
at org.testng.TestNG.runSuitesSequentially(TestNG.java:1249)
at org.testng.TestNG.runSuitesLocally(TestNG.java:1169)
at org.testng.TestNG.runSuites(TestNG.java:1092)
at org.testng.TestNG.run(TestNG.java:1060)
at org.apache.maven.surefire.testng.TestNGExecutor.run(TestNGExecutor.java:77)
at org.apache.maven.surefire.testng.TestNGDirectoryTestSuite.executeMulti(TestNGDirectoryTestSuite.java:159)
at org.apache.maven.surefire.testng.TestNGDirectoryTestSuite.execute(TestNGDirectoryTestSuite.java:99)
at org.apache.maven.surefire.testng.TestNGProvider.invoke(TestNGProvider.java:106)
at sun.reflect.NativeMethodAccessorImpl.invoke0(Native Method)
at sun.reflect.NativeMethodAccessorImpl.invoke(NativeMethodAccessorImpl.java:62)
at sun.reflect.DelegatingMethodAccessorImpl.invoke(DelegatingMethodAccessorImpl.java:43)
at java.lang.reflect.Method.invoke(Method.java:498)
at org.apache.maven.surefire.util.ReflectionUtils.invokeMethodWithArray(ReflectionUtils.java:189)
at org.apache.maven.surefire.booter.ProviderFactory$ProviderProxy.invoke(ProviderFactory.java:165)
at org.apache.maven.surefire.booter.ProviderFactory.invokeProvider(ProviderFactory.java:85)
at org.apache.maven.surefire.booter.ForkedBooter.runSuitesInProcess(ForkedBooter.java:115)
at org.apache.maven.surefire.booter.ForkedBooter.main(ForkedBooter.java:75)
]]>
            </full-stacktrace>
          </exception> <!-- java.lang.NullPointerException -->
          <reporter-output>
            <line>
              <![CDATA[Accept all cookies[[ChromeDriver: chrome on windows (b12408571e61d64dc7b90fdefee83973)] -> xpath: //button[normalize-space()='Accept additional cookies']]]]>
            </line>
            <line>
              <![CDATA[Click on Start button[[ChromeDriver: chrome on windows (b12408571e61d64dc7b90fdefee83973)] -> xpath: //body/div[@id='wrapper']/div[1]/main[1]/div[2]/div[1]/article[1]/section[1]/a[1]]]]>
            </line>
          </reporter-output>
        </test-method> <!-- aChileanComingToTheUKForWorkAndPlansOnStayingForLongerThanSixMonths -->
        <test-method status="PASS" signature="tearDown()[pri:0, instance:gov.uk.check.visa.testsuite.VisaConfirmationTest@27808f31]" name="tearDown" is-config="true" duration-ms="685" started-at="2023-07-19T18:44:13 BST" finished-at="2023-07-19T18:44:14 BST">
          <reporter-output>
          </reporter-output>
        </test-method> <!-- tearDown -->
        <test-method status="PASS" signature="setUp()[pri:0, instance:gov.uk.check.visa.testsuite.VisaConfirmationTest@27808f31]" name="setUp" is-config="true" duration-ms="2042" started-at="2023-07-19T18:44:14 BST" finished-at="2023-07-19T18:44:16 BST">
          <reporter-output>
          </reporter-output>
        </test-method> <!-- setUp -->
        <test-method status="PASS" signature="init()[pri:0, instance:gov.uk.check.visa.testsuite.VisaConfirmationTest@27808f31]" name="init" is-config="true" duration-ms="2" started-at="2023-07-19T18:44:16 BST" finished-at="2023-07-19T18:44:16 BST">
          <reporter-output>
          </reporter-output>
        </test-method> <!-- init -->
        <test-method status="FAIL" signature="aColumbianNationalComingToTheUKToJoinAPartnerForALongStayTheyDoHaveAnArticle10Or20Card()[pri:0, instance:gov.uk.check.visa.testsuite.VisaConfirmationTest@27808f31]" name="aColumbianNationalComingToTheUKToJoinAPartnerForALongStayTheyDoHaveAnArticle10Or20Card" duration-ms="398" started-at="2023-07-19T18:44:16 BST" finished-at="2023-07-19T18:44:16 BST">
          <exception class="java.lang.NullPointerException">
            <full-stacktrace>
              <![CDATA[java.lang.NullPointerException
at gov.uk.check.visa.pages.StartPage.clickOnStartButton(StartPage.java:31)
at gov.uk.check.visa.testsuite.VisaConfirmationTest.aColumbianNationalComingToTheUKToJoinAPartnerForALongStayTheyDoHaveAnArticle10Or20Card(VisaConfirmationTest.java:88)
at sun.reflect.NativeMethodAccessorImpl.invoke0(Native Method)
at sun.reflect.NativeMethodAccessorImpl.invoke(NativeMethodAccessorImpl.java:62)
at sun.reflect.DelegatingMethodAccessorImpl.invoke(DelegatingMethodAccessorImpl.java:43)
at java.lang.reflect.Method.invoke(Method.java:498)
at org.testng.internal.invokers.MethodInvocationHelper.invokeMethod(MethodInvocationHelper.java:135)
at org.testng.internal.invokers.TestInvoker.invokeMethod(TestInvoker.java:673)
at org.testng.internal.invokers.TestInvoker.invokeTestMethod(TestInvoker.java:220)
at org.testng.internal.invokers.MethodRunner.runInSequence(MethodRunner.java:50)
at org.testng.internal.invokers.TestInvoker$MethodInvocationAgent.invoke(TestInvoker.java:945)
at org.testng.internal.invokers.TestInvoker.invokeTestMethods(TestInvoker.java:193)
at org.testng.internal.invokers.TestMethodWorker.invokeTestMethods(TestMethodWorker.java:146)
at org.testng.internal.invokers.TestMethodWorker.run(TestMethodWorker.java:128)
at java.util.ArrayList.forEach(ArrayList.java:1249)
at org.testng.TestRunner.privateRun(TestRunner.java:808)
at org.testng.TestRunner.run(TestRunner.java:603)
at org.testng.SuiteRunner.runTest(SuiteRunner.java:429)
at org.testng.SuiteRunner.runSequentially(SuiteRunner.java:423)
at org.testng.SuiteRunner.privateRun(SuiteRunner.java:383)
at org.testng.SuiteRunner.run(SuiteRunner.java:326)
at org.testng.SuiteRunnerWorker.runSuite(SuiteRunnerWorker.java:52)
at org.testng.SuiteRunnerWorker.run(SuiteRunnerWorker.java:95)
at org.testng.TestNG.runSuitesSequentially(TestNG.java:1249)
at org.testng.TestNG.runSuitesLocally(TestNG.java:1169)
at org.testng.TestNG.runSuites(TestNG.java:1092)
at org.testng.TestNG.run(TestNG.java:1060)
at org.apache.maven.surefire.testng.TestNGExecutor.run(TestNGExecutor.java:77)
at org.apache.maven.surefire.testng.TestNGDirectoryTestSuite.executeMulti(TestNGDirectoryTestSuite.java:159)
at org.apache.maven.surefire.testng.TestNGDirectoryTestSuite.execute(TestNGDirectoryTestSuite.java:99)
at org.apache.maven.surefire.testng.TestNGProvider.invoke(TestNGProvider.java:106)
at sun.reflect.NativeMethodAccessorImpl.invoke0(Native Method)
at sun.reflect.NativeMethodAccessorImpl.invoke(NativeMethodAccessorImpl.java:62)
at sun.reflect.DelegatingMethodAccessorImpl.invoke(DelegatingMethodAccessorImpl.java:43)
at java.lang.reflect.Method.invoke(Method.java:498)
at org.apache.maven.surefire.util.ReflectionUtils.invokeMethodWithArray(ReflectionUtils.java:189)
at org.apache.maven.surefire.booter.ProviderFactory$ProviderProxy.invoke(ProviderFactory.java:165)
at org.apache.maven.surefire.booter.ProviderFactory.invokeProvider(ProviderFactory.java:85)
at org.apache.maven.surefire.booter.ForkedBooter.runSuitesInProcess(ForkedBooter.java:115)
at org.apache.maven.surefire.booter.ForkedBooter.main(ForkedBooter.java:75)
]]>
            </full-stacktrace>
          </exception> <!-- java.lang.NullPointerException -->
          <reporter-output>
            <line>
              <![CDATA[Accept all cookies[[ChromeDriver: chrome on windows (b09b5de1b5c671d91596f29a14acb53f)] -> xpath: //button[normalize-space()='Accept additional cookies']]]]>
            </line>
            <line>
              <![CDATA[Click on Start button[[ChromeDriver: chrome on windows (b09b5de1b5c671d91596f29a14acb53f)] -> xpath: //body/div[@id='wrapper']/div[1]/main[1]/div[2]/div[1]/article[1]/section[1]/a[1]]]]>
            </line>
          </reporter-output>
        </test-method> <!-- aColumbianNationalComingToTheUKToJoinAPartnerForALongStayTheyDoHaveAnArticle10Or20Card -->
        <test-method status="PASS" signature="tearDown()[pri:0, instance:gov.uk.check.visa.testsuite.VisaConfirmationTest@27808f31]" name="tearDown" is-config="true" duration-ms="677" started-at="2023-07-19T18:44:16 BST" finished-at="2023-07-19T18:44:17 BST">
          <reporter-output>
          </reporter-output>
        </test-method> <!-- tearDown -->
        <test-method status="PASS" signature="setUp()[pri:0, instance:gov.uk.check.visa.testsuite.VisaConfirmationTest@27808f31]" name="setUp" is-config="true" duration-ms="1849" started-at="2023-07-19T18:44:17 BST" finished-at="2023-07-19T18:44:19 BST">
          <reporter-output>
          </reporter-output>
        </test-method> <!-- setUp -->
        <test-method status="PASS" signature="init()[pri:0, instance:gov.uk.check.visa.testsuite.VisaConfirmationTest@27808f31]" name="init" is-config="true" duration-ms="3" started-at="2023-07-19T18:44:19 BST" finished-at="2023-07-19T18:44:19 BST">
          <reporter-output>
          </reporter-output>
        </test-method> <!-- init -->
        <test-method status="FAIL" signature="anAustralianComingToUKForTourism()[pri:0, instance:gov.uk.check.visa.testsuite.VisaConfirmationTest@27808f31]" name="anAustralianComingToUKForTourism" duration-ms="340" started-at="2023-07-19T18:44:19 BST" finished-at="2023-07-19T18:44:19 BST">
          <exception class="java.lang.NullPointerException">
            <full-stacktrace>
              <![CDATA[java.lang.NullPointerException
at gov.uk.check.visa.pages.StartPage.clickOnStartButton(StartPage.java:31)
at gov.uk.check.visa.testsuite.VisaConfirmationTest.anAustralianComingToUKForTourism(VisaConfirmationTest.java:34)
at sun.reflect.NativeMethodAccessorImpl.invoke0(Native Method)
at sun.reflect.NativeMethodAccessorImpl.invoke(NativeMethodAccessorImpl.java:62)
at sun.reflect.DelegatingMethodAccessorImpl.invoke(DelegatingMethodAccessorImpl.java:43)
at java.lang.reflect.Method.invoke(Method.java:498)
at org.testng.internal.invokers.MethodInvocationHelper.invokeMethod(MethodInvocationHelper.java:135)
at org.testng.internal.invokers.TestInvoker.invokeMethod(TestInvoker.java:673)
at org.testng.internal.invokers.TestInvoker.invokeTestMethod(TestInvoker.java:220)
at org.testng.internal.invokers.MethodRunner.runInSequence(MethodRunner.java:50)
at org.testng.internal.invokers.TestInvoker$MethodInvocationAgent.invoke(TestInvoker.java:945)
at org.testng.internal.invokers.TestInvoker.invokeTestMethods(TestInvoker.java:193)
at org.testng.internal.invokers.TestMethodWorker.invokeTestMethods(TestMethodWorker.java:146)
at org.testng.internal.invokers.TestMethodWorker.run(TestMethodWorker.java:128)
at java.util.ArrayList.forEach(ArrayList.java:1249)
at org.testng.TestRunner.privateRun(TestRunner.java:808)
at org.testng.TestRunner.run(TestRunner.java:603)
at org.testng.SuiteRunner.runTest(SuiteRunner.java:429)
at org.testng.SuiteRunner.runSequentially(SuiteRunner.java:423)
at org.testng.SuiteRunner.privateRun(SuiteRunner.java:383)
at org.testng.SuiteRunner.run(SuiteRunner.java:326)
at org.testng.SuiteRunnerWorker.runSuite(SuiteRunnerWorker.java:52)
at org.testng.SuiteRunnerWorker.run(SuiteRunnerWorker.java:95)
at org.testng.TestNG.runSuitesSequentially(TestNG.java:1249)
at org.testng.TestNG.runSuitesLocally(TestNG.java:1169)
at org.testng.TestNG.runSuites(TestNG.java:1092)
at org.testng.TestNG.run(TestNG.java:1060)
at org.apache.maven.surefire.testng.TestNGExecutor.run(TestNGExecutor.java:77)
at org.apache.maven.surefire.testng.TestNGDirectoryTestSuite.executeMulti(TestNGDirectoryTestSuite.java:159)
at org.apache.maven.surefire.testng.TestNGDirectoryTestSuite.execute(TestNGDirectoryTestSuite.java:99)
at org.apache.maven.surefire.testng.TestNGProvider.invoke(TestNGProvider.java:106)
at sun.reflect.NativeMethodAccessorImpl.invoke0(Native Method)
at sun.reflect.NativeMethodAccessorImpl.invoke(NativeMethodAccessorImpl.java:62)
at sun.reflect.DelegatingMethodAccessorImpl.invoke(DelegatingMethodAccessorImpl.java:43)
at java.lang.reflect.Method.invoke(Method.java:498)
at org.apache.maven.surefire.util.ReflectionUtils.invokeMethodWithArray(ReflectionUtils.java:189)
at org.apache.maven.surefire.booter.ProviderFactory$ProviderProxy.invoke(ProviderFactory.java:165)
at org.apache.maven.surefire.booter.ProviderFactory.invokeProvider(ProviderFactory.java:85)
at org.apache.maven.surefire.booter.ForkedBooter.runSuitesInProcess(ForkedBooter.java:115)
at org.apache.maven.surefire.booter.ForkedBooter.main(ForkedBooter.java:75)
]]>
            </full-stacktrace>
          </exception> <!-- java.lang.NullPointerException -->
          <reporter-output>
            <line>
              <![CDATA[Accept all cookies[[ChromeDriver: chrome on windows (33c3bf1f705d66a6548cc88640cfaa82)] -> xpath: //button[normalize-space()='Accept additional cookies']]]]>
            </line>
            <line>
              <![CDATA[Click on Start button[[ChromeDriver: chrome on windows (33c3bf1f705d66a6548cc88640cfaa82)] -> xpath: //body/div[@id='wrapper']/div[1]/main[1]/div[2]/div[1]/article[1]/section[1]/a[1]]]]>
            </line>
          </reporter-output>
        </test-method> <!-- anAustralianComingToUKForTourism -->
        <test-method status="PASS" signature="tearDown()[pri:0, instance:gov.uk.check.visa.testsuite.VisaConfirmationTest@27808f31]" name="tearDown" is-config="true" duration-ms="662" started-at="2023-07-19T18:44:19 BST" finished-at="2023-07-19T18:44:20 BST">
          <reporter-output>
          </reporter-output>
        </test-method> <!-- tearDown -->
      </class> <!-- gov.uk.check.visa.testsuite.VisaConfirmationTest -->
    </test> <!-- Command line test -->
  </suite> <!-- Command line suite -->
</testng-results>
