<?xml version="1.0" encoding="UTF-8"?>
<testsuite name="Login Test"
           tests="3"
           failures="0"
           errors="0"
           skipped="0"
           time="4.035">
  <properties />
  
  
            <testcase name="aColumbianNationalComingToTheUKToJoinAPartnerForALongStayTheyDoHaveAnArticle10Or20Card" time="1.094" classname="gov.uk.check.visa.testsuite.VisaConfirmationTest" />
                <testcase name="aChileanComingToTheUKForWorkAndPlansOnStayingForLongerThanSixMonths" time="1.702" classname="gov.uk.check.visa.testsuite.VisaConfirmationTest" />
                <testcase name="anAustralianComingToUKForTourism" time="1.239" classname="gov.uk.check.visa.testsuite.VisaConfirmationTest" />
      
</testsuite>
