<?xml version="1.0" encoding="UTF-8"?>
<!-- Generated by org.testng.reporters.JUnitXMLReporter -->
<testsuite hostname="LAPTOP-NFNHE5PF" ignored="0" name="Login Test" tests="3" failures="0" timestamp="2023-07-19T14:15:13 BST" time="13.941" errors="0">
  <testcase name="aChileanComingToTheUKForWorkAndPlansOnStayingForLongerThanSixMonths" time="1.702" classname="gov.uk.check.visa.testsuite.VisaConfirmationTest"/>
  <testcase name="aColumbianNationalComingToTheUKToJoinAPartnerForALongStayTheyDoHaveAnArticle10Or20Card" time="1.155" classname="gov.uk.check.visa.testsuite.VisaConfirmationTest"/>
  <testcase name="anAustralianComingToUKForTourism" time="1.009" classname="gov.uk.check.visa.testsuite.VisaConfirmationTest"/>
</testsuite> <!-- Login Test -->
